[debug] [2024-03-02T06:36:40.668Z] ----------------------------------------------------------------------
[debug] [2024-03-02T06:36:40.670Z] Command:       C:\Program Files\nodejs\node.exe C:\Program Files\nodejs\node_modules\firebase-tools\lib\bin\firebase.js init
[debug] [2024-03-02T06:36:40.671Z] CLI Version:   12.0.1
[debug] [2024-03-02T06:36:40.671Z] Platform:      win32
[debug] [2024-03-02T06:36:40.671Z] Node Version:  v18.19.1
[debug] [2024-03-02T06:36:40.672Z] Time:          Sat Mar 02 2024 12:06:40 GMT+0530 (India Standard Time)
[debug] [2024-03-02T06:36:40.672Z] ----------------------------------------------------------------------
[debug] 
[debug] [2024-03-02T06:36:40.675Z] >>> [apiv2][query] GET https://firebase-public.firebaseio.com/cli.json [none]
[debug] [2024-03-02T06:36:40.708Z] > command requires scopes: ["email","openid","https://www.googleapis.com/auth/cloudplatformprojects.readonly","https://www.googleapis.com/auth/firebase","https://www.googleapis.com/auth/cloud-platform"]
[debug] [2024-03-02T06:36:40.708Z] > authorizing via signed-in user (sumitsharma19938@gmail.com)
[info] 
     ######## #### ########  ######## ########     ###     ######  ########
     ##        ##  ##     ## ##       ##     ##  ##   ##  ##       ##
     ######    ##  ########  ######   ########  #########  ######  ######
     ##        ##  ##    ##  ##       ##     ## ##     ##       ## ##
     ##       #### ##     ## ######## ########  ##     ##  ######  ########

You're about to initialize a Firebase project in this directory:

  D:\angular\day2 assignment\ang

[debug] [2024-03-02T06:36:41.516Z] <<< [apiv2][status] GET https://firebase-public.firebaseio.com/cli.json 200
[debug] [2024-03-02T06:36:41.517Z] <<< [apiv2][body] GET https://firebase-public.firebaseio.com/cli.json {"cloudBuildErrorAfter":1594252800000,"cloudBuildWarnAfter":1590019200000,"defaultNode10After":1594252800000,"minVersion":"3.0.5","node8DeploysDisabledAfter":1613390400000,"node8RuntimeDisabledAfter":1615809600000,"node8WarnAfter":1600128000000}
